
> tenda-express-api@1.0.0 start
> node index.js

TendaExpress Server listening on port 45000!
Executing (default): SELECT 1+1 AS result
Database connected...
Executing (default): INSERT INTO `orders` (`id`,`user_id`,`username`,`mobile`,`order_status`,`order_type`,`payment_mode`,`payment_status`,`order_items`,`order_total`,`delivery_fee`,`delivery_latitude`,`delivery_longitude`,`createdAt`,`updatedAt`) VALUES (DEFAULT,?,?,?,?,?,?,?,?,?,?,?,?,?,?);
Executing (default): SELECT `categorys`.`id`, `categorys`.`category_name`, `categorys`.`category_image`, `categorys`.`category_description`, `categorys`.`createdAt`, `categorys`.`updatedAt`, `subcategorys`.`id` AS `subcategorys.id`, `subcategorys`.`category_id` AS `subcategorys.category_id`, `subcategorys`.`subcategory_name` AS `subcategorys.subcategory_name`, `subcategorys->items`.`id` AS `subcategorys.items.id`, `subcategorys->items`.`item_name` AS `subcategorys.items.item_name`, `subcategorys->items`.`item_price` AS `subcategorys.items.item_price`, `subcategorys->items`.`item_image` AS `subcategorys.items.item_image`, `subcategorys->items`.`item_rating` AS `subcategorys.items.item_rating`, `subcategorys->items`.`item_description` AS `subcategorys.items.item_description`, `subcategorys->items`.`item_status` AS `subcategorys.items.item_status` FROM `categorys` AS `categorys` LEFT OUTER JOIN `subcategorys` AS `subcategorys` ON `categorys`.`id` = `subcategorys`.`category_id` LEFT OUTER JOIN `items` AS `subcategorys->items` ON `subcategorys`.`id` = `subcategorys->items`.`subcategory_id`;
Executing (default): SELECT `subcategorys`.`id`, `subcategorys`.`subcategory_name`, `subcategorys`.`category_id`, `subcategorys`.`subcategory_status`, `subcategorys`.`createdAt`, `subcategorys`.`updatedAt`, `items`.`id` AS `items.id`, `items`.`item_name` AS `items.item_name`, `items`.`item_price` AS `items.item_price`, `items`.`item_image` AS `items.item_image`, `items`.`item_rating` AS `items.item_rating`, `items`.`item_description` AS `items.item_description`, `items`.`item_status` AS `items.item_status` FROM `subcategorys` AS `subcategorys` LEFT OUTER JOIN `items` AS `items` ON `subcategorys`.`id` = `items`.`subcategory_id` WHERE `subcategorys`.`id` = '1';
Executing (default): SELECT `categorys`.`id`, `categorys`.`category_name`, `categorys`.`category_image`, `categorys`.`category_description`, `categorys`.`createdAt`, `categorys`.`updatedAt`, `subcategorys`.`id` AS `subcategorys.id`, `subcategorys`.`category_id` AS `subcategorys.category_id`, `subcategorys`.`subcategory_name` AS `subcategorys.subcategory_name`, `subcategorys->items`.`id` AS `subcategorys.items.id`, `subcategorys->items`.`item_name` AS `subcategorys.items.item_name`, `subcategorys->items`.`item_price` AS `subcategorys.items.item_price`, `subcategorys->items`.`item_image` AS `subcategorys.items.item_image`, `subcategorys->items`.`item_rating` AS `subcategorys.items.item_rating`, `subcategorys->items`.`item_description` AS `subcategorys.items.item_description`, `subcategorys->items`.`item_status` AS `subcategorys.items.item_status` FROM `categorys` AS `categorys` LEFT OUTER JOIN `subcategorys` AS `subcategorys` ON `categorys`.`id` = `subcategorys`.`category_id` LEFT OUTER JOIN `items` AS `subcategorys->items` ON `subcategorys`.`id` = `subcategorys->items`.`subcategory_id`;
Executing (default): SELECT `subcategorys`.`id`, `subcategorys`.`subcategory_name`, `subcategorys`.`category_id`, `subcategorys`.`subcategory_status`, `subcategorys`.`createdAt`, `subcategorys`.`updatedAt`, `items`.`id` AS `items.id`, `items`.`item_name` AS `items.item_name`, `items`.`item_price` AS `items.item_price`, `items`.`item_image` AS `items.item_image`, `items`.`item_rating` AS `items.item_rating`, `items`.`item_description` AS `items.item_description`, `items`.`item_status` AS `items.item_status` FROM `subcategorys` AS `subcategorys` LEFT OUTER JOIN `items` AS `items` ON `subcategorys`.`id` = `items`.`subcategory_id` WHERE `subcategorys`.`id` = '1';
Executing (default): SELECT `categorys`.`id`, `categorys`.`category_name`, `categorys`.`category_image`, `categorys`.`category_description`, `categorys`.`createdAt`, `categorys`.`updatedAt`, `subcategorys`.`id` AS `subcategorys.id`, `subcategorys`.`category_id` AS `subcategorys.category_id`, `subcategorys`.`subcategory_name` AS `subcategorys.subcategory_name`, `subcategorys->items`.`id` AS `subcategorys.items.id`, `subcategorys->items`.`item_name` AS `subcategorys.items.item_name`, `subcategorys->items`.`item_price` AS `subcategorys.items.item_price`, `subcategorys->items`.`item_image` AS `subcategorys.items.item_image`, `subcategorys->items`.`item_rating` AS `subcategorys.items.item_rating`, `subcategorys->items`.`item_description` AS `subcategorys.items.item_description`, `subcategorys->items`.`item_status` AS `subcategorys.items.item_status` FROM `categorys` AS `categorys` LEFT OUTER JOIN `subcategorys` AS `subcategorys` ON `categorys`.`id` = `subcategorys`.`category_id` LEFT OUTER JOIN `items` AS `subcategorys->items` ON `subcategorys`.`id` = `subcategorys->items`.`subcategory_id`;
Executing (default): SELECT `subcategorys`.`id`, `subcategorys`.`subcategory_name`, `subcategorys`.`category_id`, `subcategorys`.`subcategory_status`, `subcategorys`.`createdAt`, `subcategorys`.`updatedAt`, `items`.`id` AS `items.id`, `items`.`item_name` AS `items.item_name`, `items`.`item_price` AS `items.item_price`, `items`.`item_image` AS `items.item_image`, `items`.`item_rating` AS `items.item_rating`, `items`.`item_description` AS `items.item_description`, `items`.`item_status` AS `items.item_status` FROM `subcategorys` AS `subcategorys` LEFT OUTER JOIN `items` AS `items` ON `subcategorys`.`id` = `items`.`subcategory_id` WHERE `subcategorys`.`id` = '1';
Executing (default): SELECT `categorys`.`id`, `categorys`.`category_name`, `categorys`.`category_image`, `categorys`.`category_description`, `categorys`.`createdAt`, `categorys`.`updatedAt`, `subcategorys`.`id` AS `subcategorys.id`, `subcategorys`.`category_id` AS `subcategorys.category_id`, `subcategorys`.`subcategory_name` AS `subcategorys.subcategory_name`, `subcategorys->items`.`id` AS `subcategorys.items.id`, `subcategorys->items`.`item_name` AS `subcategorys.items.item_name`, `subcategorys->items`.`item_price` AS `subcategorys.items.item_price`, `subcategorys->items`.`item_image` AS `subcategorys.items.item_image`, `subcategorys->items`.`item_rating` AS `subcategorys.items.item_rating`, `subcategorys->items`.`item_description` AS `subcategorys.items.item_description`, `subcategorys->items`.`item_status` AS `subcategorys.items.item_status` FROM `categorys` AS `categorys` LEFT OUTER JOIN `subcategorys` AS `subcategorys` ON `categorys`.`id` = `subcategorys`.`category_id` LEFT OUTER JOIN `items` AS `subcategorys->items` ON `subcategorys`.`id` = `subcategorys->items`.`subcategory_id`;
Executing (default): SELECT `subcategorys`.`id`, `subcategorys`.`subcategory_name`, `subcategorys`.`category_id`, `subcategorys`.`subcategory_status`, `subcategorys`.`createdAt`, `subcategorys`.`updatedAt`, `items`.`id` AS `items.id`, `items`.`item_name` AS `items.item_name`, `items`.`item_price` AS `items.item_price`, `items`.`item_image` AS `items.item_image`, `items`.`item_rating` AS `items.item_rating`, `items`.`item_description` AS `items.item_description`, `items`.`item_status` AS `items.item_status` FROM `subcategorys` AS `subcategorys` LEFT OUTER JOIN `items` AS `items` ON `subcategorys`.`id` = `items`.`subcategory_id` WHERE `subcategorys`.`id` = '1';
Executing (default): SELECT `categorys`.`id`, `categorys`.`category_name`, `categorys`.`category_image`, `categorys`.`category_description`, `categorys`.`createdAt`, `categorys`.`updatedAt`, `subcategorys`.`id` AS `subcategorys.id`, `subcategorys`.`category_id` AS `subcategorys.category_id`, `subcategorys`.`subcategory_name` AS `subcategorys.subcategory_name`, `subcategorys->items`.`id` AS `subcategorys.items.id`, `subcategorys->items`.`item_name` AS `subcategorys.items.item_name`, `subcategorys->items`.`item_price` AS `subcategorys.items.item_price`, `subcategorys->items`.`item_image` AS `subcategorys.items.item_image`, `subcategorys->items`.`item_rating` AS `subcategorys.items.item_rating`, `subcategorys->items`.`item_description` AS `subcategorys.items.item_description`, `subcategorys->items`.`item_status` AS `subcategorys.items.item_status` FROM `categorys` AS `categorys` LEFT OUTER JOIN `subcategorys` AS `subcategorys` ON `categorys`.`id` = `subcategorys`.`category_id` LEFT OUTER JOIN `items` AS `subcategorys->items` ON `subcategorys`.`id` = `subcategorys->items`.`subcategory_id`;
Executing (default): SELECT `subcategorys`.`id`, `subcategorys`.`subcategory_name`, `subcategorys`.`category_id`, `subcategorys`.`subcategory_status`, `subcategorys`.`createdAt`, `subcategorys`.`updatedAt`, `items`.`id` AS `items.id`, `items`.`item_name` AS `items.item_name`, `items`.`item_price` AS `items.item_price`, `items`.`item_image` AS `items.item_image`, `items`.`item_rating` AS `items.item_rating`, `items`.`item_description` AS `items.item_description`, `items`.`item_status` AS `items.item_status` FROM `subcategorys` AS `subcategorys` LEFT OUTER JOIN `items` AS `items` ON `subcategorys`.`id` = `items`.`subcategory_id` WHERE `subcategorys`.`id` = '1';
Executing (default): SELECT `categorys`.`id`, `categorys`.`category_name`, `categorys`.`category_image`, `categorys`.`category_description`, `categorys`.`createdAt`, `categorys`.`updatedAt`, `subcategorys`.`id` AS `subcategorys.id`, `subcategorys`.`category_id` AS `subcategorys.category_id`, `subcategorys`.`subcategory_name` AS `subcategorys.subcategory_name`, `subcategorys->items`.`id` AS `subcategorys.items.id`, `subcategorys->items`.`item_name` AS `subcategorys.items.item_name`, `subcategorys->items`.`item_price` AS `subcategorys.items.item_price`, `subcategorys->items`.`item_image` AS `subcategorys.items.item_image`, `subcategorys->items`.`item_rating` AS `subcategorys.items.item_rating`, `subcategorys->items`.`item_description` AS `subcategorys.items.item_description`, `subcategorys->items`.`item_status` AS `subcategorys.items.item_status` FROM `categorys` AS `categorys` LEFT OUTER JOIN `subcategorys` AS `subcategorys` ON `categorys`.`id` = `subcategorys`.`category_id` LEFT OUTER JOIN `items` AS `subcategorys->items` ON `subcategorys`.`id` = `subcategorys->items`.`subcategory_id`;
Executing (default): SELECT `subcategorys`.`id`, `subcategorys`.`subcategory_name`, `subcategorys`.`category_id`, `subcategorys`.`subcategory_status`, `subcategorys`.`createdAt`, `subcategorys`.`updatedAt`, `items`.`id` AS `items.id`, `items`.`item_name` AS `items.item_name`, `items`.`item_price` AS `items.item_price`, `items`.`item_image` AS `items.item_image`, `items`.`item_rating` AS `items.item_rating`, `items`.`item_description` AS `items.item_description`, `items`.`item_status` AS `items.item_status` FROM `subcategorys` AS `subcategorys` LEFT OUTER JOIN `items` AS `items` ON `subcategorys`.`id` = `items`.`subcategory_id` WHERE `subcategorys`.`id` = '1';

> tenda-express-api@1.0.0 start
> node index.js

TendaExpress Server listening on port 45000!
Executing (default): SELECT 1+1 AS result
Database connected...
Executing (default): SELECT `id`, `user_role`, `username`, `email`, `mobile`, `address`, `profile_image`, `password`, `isVerified`, `createdAt`, `updatedAt` FROM `users` AS `users` WHERE `users`.`email` = 'admin@tendaexpress.com' LIMIT 1;
This is the user users {
  dataValues: {
    id: 2,
    user_role: 1,
    username: 'Admin',
    email: 'admin@tendaexpress.com',
    mobile: '0777129180',
    address: 'Bweya',
    profile_image: null,
    password: '$2a$10$yg1MneTS83FVs97HleBTwOzVo6Qs24kZoUqz6LpnCzjMoO2g3gwEy',
    isVerified: 0,
    createdAt: 2024-07-10T08:09:45.000Z,
    updatedAt: 2024-07-10T08:09:45.000Z
  },
  _previousDataValues: {
    id: 2,
    user_role: 1,
    username: 'Admin',
    email: 'admin@tendaexpress.com',
    mobile: '0777129180',
    address: 'Bweya',
    profile_image: null,
    password: '$2a$10$yg1MneTS83FVs97HleBTwOzVo6Qs24kZoUqz6LpnCzjMoO2g3gwEy',
    isVerified: 0,
    createdAt: 2024-07-10T08:09:45.000Z,
    updatedAt: 2024-07-10T08:09:45.000Z
  },
  uniqno: 1,
  _changed: Set(0) {},
  _options: {
    isNewRecord: false,
    _schema: null,
    _schemaDelimiter: '',
    raw: true,
    attributes: [
      'id',            'user_role',
      'username',      'email',
      'mobile',        'address',
      'profile_image', 'password',
      'isVerified',    'createdAt',
      'updatedAt'
    ]
  },
  isNewRecord: false
}
Executing (default): SELECT `items`.`id`, `items`.`subcategory_id`, `items`.`item_name`, `items`.`item_price`, `items`.`item_image`, `items`.`item_rating`, `items`.`item_description`, `items`.`item_status`, `items`.`createdAt`, `items`.`updatedAt`, `subcategory`.`id` AS `subcategory.id`, `subcategory`.`subcategory_name` AS `subcategory.subcategory_name` FROM `items` AS `items` LEFT OUTER JOIN `subcategorys` AS `subcategory` ON `items`.`subcategory_id` = `subcategory`.`id`;
Executing (default): SELECT `items`.`id`, `items`.`subcategory_id`, `items`.`item_name`, `items`.`item_price`, `items`.`item_image`, `items`.`item_rating`, `items`.`item_description`, `items`.`item_status`, `items`.`createdAt`, `items`.`updatedAt`, `subcategory`.`id` AS `subcategory.id`, `subcategory`.`subcategory_name` AS `subcategory.subcategory_name` FROM `items` AS `items` LEFT OUTER JOIN `subcategorys` AS `subcategory` ON `items`.`subcategory_id` = `subcategory`.`id`;
Executing (default): SELECT `id`, `user_id`, `username`, `mobile`, `order_status`, `order_type`, `payment_mode`, `payment_status`, `order_items`, `order_total`, `delivery_fee`, `delivery_latitude`, `delivery_longitude`, `createdAt`, `updatedAt` FROM `orders` AS `orders`;
Executing (default): SELECT `id`, `user_role`, `username`, `email`, `mobile`, `address`, `profile_image`, `password`, `isVerified`, `createdAt`, `updatedAt` FROM `users` AS `users` WHERE `users`.`email` = 'admin@tendaexpress.com' LIMIT 1;
This is the user users {
  dataValues: {
    id: 2,
    user_role: 1,
    username: 'Admin',
    email: 'admin@tendaexpress.com',
    mobile: '0777129180',
    address: 'Bweya',
    profile_image: null,
    password: '$2a$10$yg1MneTS83FVs97HleBTwOzVo6Qs24kZoUqz6LpnCzjMoO2g3gwEy',
    isVerified: 0,
    createdAt: 2024-07-10T08:09:45.000Z,
    updatedAt: 2024-07-10T08:09:45.000Z
  },
  _previousDataValues: {
    id: 2,
    user_role: 1,
    username: 'Admin',
    email: 'admin@tendaexpress.com',
    mobile: '0777129180',
    address: 'Bweya',
    profile_image: null,
    password: '$2a$10$yg1MneTS83FVs97HleBTwOzVo6Qs24kZoUqz6LpnCzjMoO2g3gwEy',
    isVerified: 0,
    createdAt: 2024-07-10T08:09:45.000Z,
    updatedAt: 2024-07-10T08:09:45.000Z
  },
  uniqno: 1,
  _changed: Set(0) {},
  _options: {
    isNewRecord: false,
    _schema: null,
    _schemaDelimiter: '',
    raw: true,
    attributes: [
      'id',            'user_role',
      'username',      'email',
      'mobile',        'address',
      'profile_image', 'password',
      'isVerified',    'createdAt',
      'updatedAt'
    ]
  },
  isNewRecord: false
}
Executing (default): SELECT `id`, `user_id`, `username`, `mobile`, `order_status`, `order_type`, `payment_mode`, `payment_status`, `order_items`, `order_total`, `delivery_fee`, `delivery_latitude`, `delivery_longitude`, `createdAt`, `updatedAt` FROM `orders` AS `orders`;
Executing (default): SELECT `id`, `user_id`, `username`, `mobile`, `order_status`, `order_type`, `payment_mode`, `payment_status`, `order_items`, `order_total`, `delivery_fee`, `delivery_latitude`, `delivery_longitude`, `createdAt`, `updatedAt` FROM `orders` AS `orders`;
Executing (default): SELECT `id`, `user_id`, `username`, `mobile`, `order_status`, `order_type`, `payment_mode`, `payment_status`, `order_items`, `order_total`, `delivery_fee`, `delivery_latitude`, `delivery_longitude`, `createdAt`, `updatedAt` FROM `orders` AS `orders`;
Executing (default): SELECT `items`.`id`, `items`.`subcategory_id`, `items`.`item_name`, `items`.`item_price`, `items`.`item_image`, `items`.`item_rating`, `items`.`item_description`, `items`.`item_status`, `items`.`createdAt`, `items`.`updatedAt`, `subcategory`.`id` AS `subcategory.id`, `subcategory`.`subcategory_name` AS `subcategory.subcategory_name` FROM `items` AS `items` LEFT OUTER JOIN `subcategorys` AS `subcategory` ON `items`.`subcategory_id` = `subcategory`.`id`;
Executing (default): SELECT `items`.`id`, `items`.`subcategory_id`, `items`.`item_name`, `items`.`item_price`, `items`.`item_image`, `items`.`item_rating`, `items`.`item_description`, `items`.`item_status`, `items`.`createdAt`, `items`.`updatedAt`, `subcategory`.`id` AS `subcategory.id`, `subcategory`.`subcategory_name` AS `subcategory.subcategory_name` FROM `items` AS `items` LEFT OUTER JOIN `subcategorys` AS `subcategory` ON `items`.`subcategory_id` = `subcategory`.`id`;
Executing (default): SELECT `id`, `user_id`, `username`, `mobile`, `order_status`, `order_type`, `payment_mode`, `payment_status`, `order_items`, `order_total`, `delivery_fee`, `delivery_latitude`, `delivery_longitude`, `createdAt`, `updatedAt` FROM `orders` AS `orders`;
Executing (default): SELECT `id`, `user_id`, `username`, `mobile`, `order_status`, `order_type`, `payment_mode`, `payment_status`, `order_items`, `order_total`, `delivery_fee`, `delivery_latitude`, `delivery_longitude`, `createdAt`, `updatedAt` FROM `orders` AS `orders`;
Executing (default): SELECT `id`, `user_id`, `username`, `mobile`, `order_status`, `order_type`, `payment_mode`, `payment_status`, `order_items`, `order_total`, `delivery_fee`, `delivery_latitude`, `delivery_longitude`, `createdAt`, `updatedAt` FROM `orders` AS `orders`;
Executing (default): SELECT `id`, `user_id`, `username`, `mobile`, `order_status`, `order_type`, `payment_mode`, `payment_status`, `order_items`, `order_total`, `delivery_fee`, `delivery_latitude`, `delivery_longitude`, `createdAt`, `updatedAt` FROM `orders` AS `orders`;
Executing (default): SELECT `id`, `user_id`, `username`, `mobile`, `order_status`, `order_type`, `payment_mode`, `payment_status`, `order_items`, `order_total`, `delivery_fee`, `delivery_latitude`, `delivery_longitude`, `createdAt`, `updatedAt` FROM `orders` AS `orders`;
Executing (default): SELECT `id`, `user_id`, `username`, `mobile`, `order_status`, `order_type`, `payment_mode`, `payment_status`, `order_items`, `order_total`, `delivery_fee`, `delivery_latitude`, `delivery_longitude`, `createdAt`, `updatedAt` FROM `orders` AS `orders`;
Executing (default): SELECT `items`.`id`, `items`.`subcategory_id`, `items`.`item_name`, `items`.`item_price`, `items`.`item_image`, `items`.`item_rating`, `items`.`item_description`, `items`.`item_status`, `items`.`createdAt`, `items`.`updatedAt`, `subcategory`.`id` AS `subcategory.id`, `subcategory`.`subcategory_name` AS `subcategory.subcategory_name` FROM `items` AS `items` LEFT OUTER JOIN `subcategorys` AS `subcategory` ON `items`.`subcategory_id` = `subcategory`.`id`;
Executing (default): SELECT `id`, `user_id`, `username`, `mobile`, `order_status`, `order_type`, `payment_mode`, `payment_status`, `order_items`, `order_total`, `delivery_fee`, `delivery_latitude`, `delivery_longitude`, `createdAt`, `updatedAt` FROM `orders` AS `orders`;
Executing (default): SELECT `id`, `user_id`, `username`, `mobile`, `order_status`, `order_type`, `payment_mode`, `payment_status`, `order_items`, `order_total`, `delivery_fee`, `delivery_latitude`, `delivery_longitude`, `createdAt`, `updatedAt` FROM `orders` AS `orders`;
Executing (default): SELECT `categorys`.`id`, `categorys`.`category_name`, `categorys`.`category_image`, `categorys`.`category_description`, `categorys`.`createdAt`, `categorys`.`updatedAt`, `subcategorys`.`id` AS `subcategorys.id`, `subcategorys`.`category_id` AS `subcategorys.category_id`, `subcategorys`.`subcategory_name` AS `subcategorys.subcategory_name`, `subcategorys->items`.`id` AS `subcategorys.items.id`, `subcategorys->items`.`item_name` AS `subcategorys.items.item_name`, `subcategorys->items`.`item_price` AS `subcategorys.items.item_price`, `subcategorys->items`.`item_image` AS `subcategorys.items.item_image`, `subcategorys->items`.`item_rating` AS `subcategorys.items.item_rating`, `subcategorys->items`.`item_description` AS `subcategorys.items.item_description`, `subcategorys->items`.`item_status` AS `subcategorys.items.item_status` FROM `categorys` AS `categorys` LEFT OUTER JOIN `subcategorys` AS `subcategorys` ON `categorys`.`id` = `subcategorys`.`category_id` LEFT OUTER JOIN `items` AS `subcategorys->items` ON `subcategorys`.`id` = `subcategorys->items`.`subcategory_id`;
Executing (default): SELECT `subcategorys`.`id`, `subcategorys`.`subcategory_name`, `subcategorys`.`category_id`, `subcategorys`.`subcategory_status`, `subcategorys`.`createdAt`, `subcategorys`.`updatedAt`, `items`.`id` AS `items.id`, `items`.`item_name` AS `items.item_name`, `items`.`item_price` AS `items.item_price`, `items`.`item_image` AS `items.item_image`, `items`.`item_rating` AS `items.item_rating`, `items`.`item_description` AS `items.item_description`, `items`.`item_status` AS `items.item_status` FROM `subcategorys` AS `subcategorys` LEFT OUTER JOIN `items` AS `items` ON `subcategorys`.`id` = `items`.`subcategory_id` WHERE `subcategorys`.`id` = '1';
Executing (default): SELECT `categorys`.`id`, `categorys`.`category_name`, `categorys`.`category_image`, `categorys`.`category_description`, `categorys`.`createdAt`, `categorys`.`updatedAt`, `subcategorys`.`id` AS `subcategorys.id`, `subcategorys`.`category_id` AS `subcategorys.category_id`, `subcategorys`.`subcategory_name` AS `subcategorys.subcategory_name`, `subcategorys->items`.`id` AS `subcategorys.items.id`, `subcategorys->items`.`item_name` AS `subcategorys.items.item_name`, `subcategorys->items`.`item_price` AS `subcategorys.items.item_price`, `subcategorys->items`.`item_image` AS `subcategorys.items.item_image`, `subcategorys->items`.`item_rating` AS `subcategorys.items.item_rating`, `subcategorys->items`.`item_description` AS `subcategorys.items.item_description`, `subcategorys->items`.`item_status` AS `subcategorys.items.item_status` FROM `categorys` AS `categorys` LEFT OUTER JOIN `subcategorys` AS `subcategorys` ON `categorys`.`id` = `subcategorys`.`category_id` LEFT OUTER JOIN `items` AS `subcategorys->items` ON `subcategorys`.`id` = `subcategorys->items`.`subcategory_id`;
Executing (default): SELECT `subcategorys`.`id`, `subcategorys`.`subcategory_name`, `subcategorys`.`category_id`, `subcategorys`.`subcategory_status`, `subcategorys`.`createdAt`, `subcategorys`.`updatedAt`, `items`.`id` AS `items.id`, `items`.`item_name` AS `items.item_name`, `items`.`item_price` AS `items.item_price`, `items`.`item_image` AS `items.item_image`, `items`.`item_rating` AS `items.item_rating`, `items`.`item_description` AS `items.item_description`, `items`.`item_status` AS `items.item_status` FROM `subcategorys` AS `subcategorys` LEFT OUTER JOIN `items` AS `items` ON `subcategorys`.`id` = `items`.`subcategory_id` WHERE `subcategorys`.`id` = '1';
Executing (default): SELECT `categorys`.`id`, `categorys`.`category_name`, `categorys`.`category_image`, `categorys`.`category_description`, `categorys`.`createdAt`, `categorys`.`updatedAt`, `subcategorys`.`id` AS `subcategorys.id`, `subcategorys`.`category_id` AS `subcategorys.category_id`, `subcategorys`.`subcategory_name` AS `subcategorys.subcategory_name`, `subcategorys->items`.`id` AS `subcategorys.items.id`, `subcategorys->items`.`item_name` AS `subcategorys.items.item_name`, `subcategorys->items`.`item_price` AS `subcategorys.items.item_price`, `subcategorys->items`.`item_image` AS `subcategorys.items.item_image`, `subcategorys->items`.`item_rating` AS `subcategorys.items.item_rating`, `subcategorys->items`.`item_description` AS `subcategorys.items.item_description`, `subcategorys->items`.`item_status` AS `subcategorys.items.item_status` FROM `categorys` AS `categorys` LEFT OUTER JOIN `subcategorys` AS `subcategorys` ON `categorys`.`id` = `subcategorys`.`category_id` LEFT OUTER JOIN `items` AS `subcategorys->items` ON `subcategorys`.`id` = `subcategorys->items`.`subcategory_id`;
Executing (default): SELECT `subcategorys`.`id`, `subcategorys`.`subcategory_name`, `subcategorys`.`category_id`, `subcategorys`.`subcategory_status`, `subcategorys`.`createdAt`, `subcategorys`.`updatedAt`, `items`.`id` AS `items.id`, `items`.`item_name` AS `items.item_name`, `items`.`item_price` AS `items.item_price`, `items`.`item_image` AS `items.item_image`, `items`.`item_rating` AS `items.item_rating`, `items`.`item_description` AS `items.item_description`, `items`.`item_status` AS `items.item_status` FROM `subcategorys` AS `subcategorys` LEFT OUTER JOIN `items` AS `items` ON `subcategorys`.`id` = `items`.`subcategory_id` WHERE `subcategorys`.`id` = '1';
Executing (default): SELECT `categorys`.`id`, `categorys`.`category_name`, `categorys`.`category_image`, `categorys`.`category_description`, `categorys`.`createdAt`, `categorys`.`updatedAt`, `subcategorys`.`id` AS `subcategorys.id`, `subcategorys`.`category_id` AS `subcategorys.category_id`, `subcategorys`.`subcategory_name` AS `subcategorys.subcategory_name`, `subcategorys->items`.`id` AS `subcategorys.items.id`, `subcategorys->items`.`item_name` AS `subcategorys.items.item_name`, `subcategorys->items`.`item_price` AS `subcategorys.items.item_price`, `subcategorys->items`.`item_image` AS `subcategorys.items.item_image`, `subcategorys->items`.`item_rating` AS `subcategorys.items.item_rating`, `subcategorys->items`.`item_description` AS `subcategorys.items.item_description`, `subcategorys->items`.`item_status` AS `subcategorys.items.item_status` FROM `categorys` AS `categorys` LEFT OUTER JOIN `subcategorys` AS `subcategorys` ON `categorys`.`id` = `subcategorys`.`category_id` LEFT OUTER JOIN `items` AS `subcategorys->items` ON `subcategorys`.`id` = `subcategorys->items`.`subcategory_id`;
Executing (default): SELECT `subcategorys`.`id`, `subcategorys`.`subcategory_name`, `subcategorys`.`category_id`, `subcategorys`.`subcategory_status`, `subcategorys`.`createdAt`, `subcategorys`.`updatedAt`, `items`.`id` AS `items.id`, `items`.`item_name` AS `items.item_name`, `items`.`item_price` AS `items.item_price`, `items`.`item_image` AS `items.item_image`, `items`.`item_rating` AS `items.item_rating`, `items`.`item_description` AS `items.item_description`, `items`.`item_status` AS `items.item_status` FROM `subcategorys` AS `subcategorys` LEFT OUTER JOIN `items` AS `items` ON `subcategorys`.`id` = `items`.`subcategory_id` WHERE `subcategorys`.`id` = '1';
Executing (default): SELECT `id`, `user_id`, `username`, `mobile`, `order_status`, `order_type`, `payment_mode`, `payment_status`, `order_items`, `order_total`, `delivery_fee`, `delivery_latitude`, `delivery_longitude`, `createdAt`, `updatedAt` FROM `orders` AS `orders`;
Executing (default): SELECT `categorys`.`id`, `categorys`.`category_name`, `categorys`.`category_image`, `categorys`.`category_description`, `categorys`.`createdAt`, `categorys`.`updatedAt`, `subcategorys`.`id` AS `subcategorys.id`, `subcategorys`.`category_id` AS `subcategorys.category_id`, `subcategorys`.`subcategory_name` AS `subcategorys.subcategory_name`, `subcategorys->items`.`id` AS `subcategorys.items.id`, `subcategorys->items`.`item_name` AS `subcategorys.items.item_name`, `subcategorys->items`.`item_price` AS `subcategorys.items.item_price`, `subcategorys->items`.`item_image` AS `subcategorys.items.item_image`, `subcategorys->items`.`item_rating` AS `subcategorys.items.item_rating`, `subcategorys->items`.`item_description` AS `subcategorys.items.item_description`, `subcategorys->items`.`item_status` AS `subcategorys.items.item_status` FROM `categorys` AS `categorys` LEFT OUTER JOIN `subcategorys` AS `subcategorys` ON `categorys`.`id` = `subcategorys`.`category_id` LEFT OUTER JOIN `items` AS `subcategorys->items` ON `subcategorys`.`id` = `subcategorys->items`.`subcategory_id`;
Executing (default): SELECT `subcategorys`.`id`, `subcategorys`.`subcategory_name`, `subcategorys`.`category_id`, `subcategorys`.`subcategory_status`, `subcategorys`.`createdAt`, `subcategorys`.`updatedAt`, `items`.`id` AS `items.id`, `items`.`item_name` AS `items.item_name`, `items`.`item_price` AS `items.item_price`, `items`.`item_image` AS `items.item_image`, `items`.`item_rating` AS `items.item_rating`, `items`.`item_description` AS `items.item_description`, `items`.`item_status` AS `items.item_status` FROM `subcategorys` AS `subcategorys` LEFT OUTER JOIN `items` AS `items` ON `subcategorys`.`id` = `items`.`subcategory_id` WHERE `subcategorys`.`id` = '1';

> tenda-express-api@1.0.0 start
> node index.js

TendaExpress Server listening on port 45000!
Executing (default): SELECT 1+1 AS result
Database connected...
Executing (default): SELECT `items`.`id`, `items`.`subcategory_id`, `items`.`item_name`, `items`.`item_price`, `items`.`item_image`, `items`.`item_rating`, `items`.`item_description`, `items`.`item_status`, `items`.`createdAt`, `items`.`updatedAt`, `subcategory`.`id` AS `subcategory.id`, `subcategory`.`subcategory_name` AS `subcategory.subcategory_name` FROM `items` AS `items` LEFT OUTER JOIN `subcategorys` AS `subcategory` ON `items`.`subcategory_id` = `subcategory`.`id`;
Executing (default): SELECT `items`.`id`, `items`.`subcategory_id`, `items`.`item_name`, `items`.`item_price`, `items`.`item_image`, `items`.`item_rating`, `items`.`item_description`, `items`.`item_status`, `items`.`createdAt`, `items`.`updatedAt`, `subcategory`.`id` AS `subcategory.id`, `subcategory`.`subcategory_name` AS `subcategory.subcategory_name` FROM `items` AS `items` LEFT OUTER JOIN `subcategorys` AS `subcategory` ON `items`.`subcategory_id` = `subcategory`.`id`;
Executing (default): SELECT `items`.`id`, `items`.`subcategory_id`, `items`.`item_name`, `items`.`item_price`, `items`.`item_image`, `items`.`item_rating`, `items`.`item_description`, `items`.`item_status`, `items`.`createdAt`, `items`.`updatedAt`, `subcategory`.`id` AS `subcategory.id`, `subcategory`.`subcategory_name` AS `subcategory.subcategory_name` FROM `items` AS `items` LEFT OUTER JOIN `subcategorys` AS `subcategory` ON `items`.`subcategory_id` = `subcategory`.`id`;
Executing (default): SELECT `items`.`id`, `items`.`subcategory_id`, `items`.`item_name`, `items`.`item_price`, `items`.`item_image`, `items`.`item_rating`, `items`.`item_description`, `items`.`item_status`, `items`.`createdAt`, `items`.`updatedAt`, `subcategory`.`id` AS `subcategory.id`, `subcategory`.`subcategory_name` AS `subcategory.subcategory_name` FROM `items` AS `items` LEFT OUTER JOIN `subcategorys` AS `subcategory` ON `items`.`subcategory_id` = `subcategory`.`id`;
Executing (default): SELECT `id`, `user_role`, `username`, `email`, `mobile`, `address`, `profile_image`, `password`, `isVerified`, `createdAt`, `updatedAt` FROM `users` AS `users` WHERE `users`.`email` = 'admin@tendaexpress.com' LIMIT 1;
This is the user users {
  dataValues: {
    id: 2,
    user_role: 1,
    username: 'Admin',
    email: 'admin@tendaexpress.com',
    mobile: '0777129180',
    address: 'Bweya',
    profile_image: null,
    password: '$2a$10$yg1MneTS83FVs97HleBTwOzVo6Qs24kZoUqz6LpnCzjMoO2g3gwEy',
    isVerified: 0,
    createdAt: 2024-07-10T08:09:45.000Z,
    updatedAt: 2024-07-10T08:09:45.000Z
  },
  _previousDataValues: {
    id: 2,
    user_role: 1,
    username: 'Admin',
    email: 'admin@tendaexpress.com',
    mobile: '0777129180',
    address: 'Bweya',
    profile_image: null,
    password: '$2a$10$yg1MneTS83FVs97HleBTwOzVo6Qs24kZoUqz6LpnCzjMoO2g3gwEy',
    isVerified: 0,
    createdAt: 2024-07-10T08:09:45.000Z,
    updatedAt: 2024-07-10T08:09:45.000Z
  },
  uniqno: 1,
  _changed: Set(0) {},
  _options: {
    isNewRecord: false,
    _schema: null,
    _schemaDelimiter: '',
    raw: true,
    attributes: [
      'id',            'user_role',
      'username',      'email',
      'mobile',        'address',
      'profile_image', 'password',
      'isVerified',    'createdAt',
      'updatedAt'
    ]
  },
  isNewRecord: false
}
Executing (default): SELECT `id`, `user_id`, `username`, `mobile`, `order_status`, `order_type`, `payment_mode`, `payment_status`, `order_items`, `order_total`, `delivery_fee`, `delivery_latitude`, `delivery_longitude`, `createdAt`, `updatedAt` FROM `orders` AS `orders`;
Executing (default): SELECT `id`, `user_id`, `username`, `mobile`, `order_status`, `order_type`, `payment_mode`, `payment_status`, `order_items`, `order_total`, `delivery_fee`, `delivery_latitude`, `delivery_longitude`, `createdAt`, `updatedAt` FROM `orders` AS `orders`;
Executing (default): SELECT `id`, `user_id`, `username`, `mobile`, `order_status`, `order_type`, `payment_mode`, `payment_status`, `order_items`, `order_total`, `delivery_fee`, `delivery_latitude`, `delivery_longitude`, `createdAt`, `updatedAt` FROM `orders` AS `orders`;
Executing (default): SELECT `id`, `user_id`, `username`, `mobile`, `order_status`, `order_type`, `payment_mode`, `payment_status`, `order_items`, `order_total`, `delivery_fee`, `delivery_latitude`, `delivery_longitude`, `createdAt`, `updatedAt` FROM `orders` AS `orders`;
Executing (default): SELECT `id`, `user_id`, `username`, `mobile`, `order_status`, `order_type`, `payment_mode`, `payment_status`, `order_items`, `order_total`, `delivery_fee`, `delivery_latitude`, `delivery_longitude`, `createdAt`, `updatedAt` FROM `orders` AS `orders`;
Executing (default): SELECT `id`, `user_id`, `username`, `mobile`, `order_status`, `order_type`, `payment_mode`, `payment_status`, `order_items`, `order_total`, `delivery_fee`, `delivery_latitude`, `delivery_longitude`, `createdAt`, `updatedAt` FROM `orders` AS `orders`;
Executing (default): SELECT `id`, `user_id`, `username`, `mobile`, `order_status`, `order_type`, `payment_mode`, `payment_status`, `order_items`, `order_total`, `delivery_fee`, `delivery_latitude`, `delivery_longitude`, `createdAt`, `updatedAt` FROM `orders` AS `orders`;
Executing (default): SELECT `id`, `user_id`, `username`, `mobile`, `order_status`, `order_type`, `payment_mode`, `payment_status`, `order_items`, `order_total`, `delivery_fee`, `delivery_latitude`, `delivery_longitude`, `createdAt`, `updatedAt` FROM `orders` AS `orders`;
Executing (default): SELECT `id`, `user_id`, `username`, `mobile`, `order_status`, `order_type`, `payment_mode`, `payment_status`, `order_items`, `order_total`, `delivery_fee`, `delivery_latitude`, `delivery_longitude`, `createdAt`, `updatedAt` FROM `orders` AS `orders`;
Executing (default): SELECT `id`, `user_id`, `username`, `mobile`, `order_status`, `order_type`, `payment_mode`, `payment_status`, `order_items`, `order_total`, `delivery_fee`, `delivery_latitude`, `delivery_longitude`, `createdAt`, `updatedAt` FROM `orders` AS `orders`;
Executing (default): SELECT `id`, `user_id`, `username`, `mobile`, `order_status`, `order_type`, `payment_mode`, `payment_status`, `order_items`, `order_total`, `delivery_fee`, `delivery_latitude`, `delivery_longitude`, `createdAt`, `updatedAt` FROM `orders` AS `orders`;
Executing (default): SELECT `id`, `user_id`, `username`, `mobile`, `order_status`, `order_type`, `payment_mode`, `payment_status`, `order_items`, `order_total`, `delivery_fee`, `delivery_latitude`, `delivery_longitude`, `createdAt`, `updatedAt` FROM `orders` AS `orders`;
Executing (default): SELECT `id`, `user_id`, `username`, `mobile`, `order_status`, `order_type`, `payment_mode`, `payment_status`, `order_items`, `order_total`, `delivery_fee`, `delivery_latitude`, `delivery_longitude`, `createdAt`, `updatedAt` FROM `orders` AS `orders`;
Executing (default): SELECT `id`, `user_id`, `username`, `mobile`, `order_status`, `order_type`, `payment_mode`, `payment_status`, `order_items`, `order_total`, `delivery_fee`, `delivery_latitude`, `delivery_longitude`, `createdAt`, `updatedAt` FROM `orders` AS `orders`;
Executing (default): SELECT `id`, `user_id`, `username`, `mobile`, `order_status`, `order_type`, `payment_mode`, `payment_status`, `order_items`, `order_total`, `delivery_fee`, `delivery_latitude`, `delivery_longitude`, `createdAt`, `updatedAt` FROM `orders` AS `orders`;
Executing (default): SELECT `id`, `user_id`, `username`, `mobile`, `order_status`, `order_type`, `payment_mode`, `payment_status`, `order_items`, `order_total`, `delivery_fee`, `delivery_latitude`, `delivery_longitude`, `createdAt`, `updatedAt` FROM `orders` AS `orders`;
Executing (default): SELECT `id`, `user_id`, `username`, `mobile`, `order_status`, `order_type`, `payment_mode`, `payment_status`, `order_items`, `order_total`, `delivery_fee`, `delivery_latitude`, `delivery_longitude`, `createdAt`, `updatedAt` FROM `orders` AS `orders`;
Executing (default): SELECT `items`.`id`, `items`.`subcategory_id`, `items`.`item_name`, `items`.`item_price`, `items`.`item_image`, `items`.`item_rating`, `items`.`item_description`, `items`.`item_status`, `items`.`createdAt`, `items`.`updatedAt`, `subcategory`.`id` AS `subcategory.id`, `subcategory`.`subcategory_name` AS `subcategory.subcategory_name` FROM `items` AS `items` LEFT OUTER JOIN `subcategorys` AS `subcategory` ON `items`.`subcategory_id` = `subcategory`.`id`;
Executing (default): SELECT `id`, `user_id`, `username`, `mobile`, `order_status`, `order_type`, `payment_mode`, `payment_status`, `order_items`, `order_total`, `delivery_fee`, `delivery_latitude`, `delivery_longitude`, `createdAt`, `updatedAt` FROM `orders` AS `orders`;
Executing (default): SELECT `id`, `user_id`, `username`, `mobile`, `order_status`, `order_type`, `payment_mode`, `payment_status`, `order_items`, `order_total`, `delivery_fee`, `delivery_latitude`, `delivery_longitude`, `createdAt`, `updatedAt` FROM `orders` AS `orders`;
Executing (default): SELECT `id`, `user_id`, `username`, `mobile`, `order_status`, `order_type`, `payment_mode`, `payment_status`, `order_items`, `order_total`, `delivery_fee`, `delivery_latitude`, `delivery_longitude`, `createdAt`, `updatedAt` FROM `orders` AS `orders`;
Executing (default): SELECT `id`, `user_id`, `username`, `mobile`, `order_status`, `order_type`, `payment_mode`, `payment_status`, `order_items`, `order_total`, `delivery_fee`, `delivery_latitude`, `delivery_longitude`, `createdAt`, `updatedAt` FROM `orders` AS `orders`;
Executing (default): SELECT `id`, `user_id`, `username`, `mobile`, `order_status`, `order_type`, `payment_mode`, `payment_status`, `order_items`, `order_total`, `delivery_fee`, `delivery_latitude`, `delivery_longitude`, `createdAt`, `updatedAt` FROM `orders` AS `orders`;
Executing (default): SELECT `id`, `user_id`, `username`, `mobile`, `order_status`, `order_type`, `payment_mode`, `payment_status`, `order_items`, `order_total`, `delivery_fee`, `delivery_latitude`, `delivery_longitude`, `createdAt`, `updatedAt` FROM `orders` AS `orders`;
Executing (default): SELECT `id`, `user_id`, `username`, `mobile`, `order_status`, `order_type`, `payment_mode`, `payment_status`, `order_items`, `order_total`, `delivery_fee`, `delivery_latitude`, `delivery_longitude`, `createdAt`, `updatedAt` FROM `orders` AS `orders`;
Executing (default): SELECT `id`, `user_id`, `username`, `mobile`, `order_status`, `order_type`, `payment_mode`, `payment_status`, `order_items`, `order_total`, `delivery_fee`, `delivery_latitude`, `delivery_longitude`, `createdAt`, `updatedAt` FROM `orders` AS `orders`;
Executing (default): SELECT `id`, `user_id`, `username`, `mobile`, `order_status`, `order_type`, `payment_mode`, `payment_status`, `order_items`, `order_total`, `delivery_fee`, `delivery_latitude`, `delivery_longitude`, `createdAt`, `updatedAt` FROM `orders` AS `orders`;
Executing (default): SELECT `id`, `user_id`, `username`, `mobile`, `order_status`, `order_type`, `payment_mode`, `payment_status`, `order_items`, `order_total`, `delivery_fee`, `delivery_latitude`, `delivery_longitude`, `createdAt`, `updatedAt` FROM `orders` AS `orders`;
Executing (default): SELECT `id`, `user_id`, `username`, `mobile`, `order_status`, `order_type`, `payment_mode`, `payment_status`, `order_items`, `order_total`, `delivery_fee`, `delivery_latitude`, `delivery_longitude`, `createdAt`, `updatedAt` FROM `orders` AS `orders`;
Executing (default): SELECT `id`, `user_id`, `username`, `mobile`, `order_status`, `order_type`, `payment_mode`, `payment_status`, `order_items`, `order_total`, `delivery_fee`, `delivery_latitude`, `delivery_longitude`, `createdAt`, `updatedAt` FROM `orders` AS `orders`;
Executing (default): SELECT `id`, `user_id`, `username`, `mobile`, `order_status`, `order_type`, `payment_mode`, `payment_status`, `order_items`, `order_total`, `delivery_fee`, `delivery_latitude`, `delivery_longitude`, `createdAt`, `updatedAt` FROM `orders` AS `orders`;
Executing (default): SELECT `id`, `user_id`, `username`, `mobile`, `order_status`, `order_type`, `payment_mode`, `payment_status`, `order_items`, `order_total`, `delivery_fee`, `delivery_latitude`, `delivery_longitude`, `createdAt`, `updatedAt` FROM `orders` AS `orders`;
Executing (default): SELECT `id`, `user_id`, `username`, `mobile`, `order_status`, `order_type`, `payment_mode`, `payment_status`, `order_items`, `order_total`, `delivery_fee`, `delivery_latitude`, `delivery_longitude`, `createdAt`, `updatedAt` FROM `orders` AS `orders`;
Executing (default): SELECT `id`, `user_id`, `username`, `mobile`, `order_status`, `order_type`, `payment_mode`, `payment_status`, `order_items`, `order_total`, `delivery_fee`, `delivery_latitude`, `delivery_longitude`, `createdAt`, `updatedAt` FROM `orders` AS `orders`;
Executing (default): SELECT `id`, `user_id`, `username`, `mobile`, `order_status`, `order_type`, `payment_mode`, `payment_status`, `order_items`, `order_total`, `delivery_fee`, `delivery_latitude`, `delivery_longitude`, `createdAt`, `updatedAt` FROM `orders` AS `orders`;
Executing (default): SELECT `id`, `user_id`, `username`, `mobile`, `order_status`, `order_type`, `payment_mode`, `payment_status`, `order_items`, `order_total`, `delivery_fee`, `delivery_latitude`, `delivery_longitude`, `createdAt`, `updatedAt` FROM `orders` AS `orders`;
Executing (default): SELECT `id`, `user_id`, `username`, `mobile`, `order_status`, `order_type`, `payment_mode`, `payment_status`, `order_items`, `order_total`, `delivery_fee`, `delivery_latitude`, `delivery_longitude`, `createdAt`, `updatedAt` FROM `orders` AS `orders`;
Executing (default): SELECT `id`, `user_id`, `username`, `mobile`, `order_status`, `order_type`, `payment_mode`, `payment_status`, `order_items`, `order_total`, `delivery_fee`, `delivery_latitude`, `delivery_longitude`, `createdAt`, `updatedAt` FROM `orders` AS `orders`;
Executing (default): SELECT `id`, `user_id`, `username`, `mobile`, `order_status`, `order_type`, `payment_mode`, `payment_status`, `order_items`, `order_total`, `delivery_fee`, `delivery_latitude`, `delivery_longitude`, `createdAt`, `updatedAt` FROM `orders` AS `orders`;
Executing (default): SELECT `id`, `user_id`, `username`, `mobile`, `order_status`, `order_type`, `payment_mode`, `payment_status`, `order_items`, `order_total`, `delivery_fee`, `delivery_latitude`, `delivery_longitude`, `createdAt`, `updatedAt` FROM `orders` AS `orders`;
Executing (default): SELECT `id`, `user_id`, `username`, `mobile`, `order_status`, `order_type`, `payment_mode`, `payment_status`, `order_items`, `order_total`, `delivery_fee`, `delivery_latitude`, `delivery_longitude`, `createdAt`, `updatedAt` FROM `orders` AS `orders`;
Executing (default): SELECT `id`, `user_id`, `username`, `mobile`, `order_status`, `order_type`, `payment_mode`, `payment_status`, `order_items`, `order_total`, `delivery_fee`, `delivery_latitude`, `delivery_longitude`, `createdAt`, `updatedAt` FROM `orders` AS `orders`;
Executing (default): SELECT `id`, `user_id`, `username`, `mobile`, `order_status`, `order_type`, `payment_mode`, `payment_status`, `order_items`, `order_total`, `delivery_fee`, `delivery_latitude`, `delivery_longitude`, `createdAt`, `updatedAt` FROM `orders` AS `orders`;
Executing (default): SELECT `categorys`.`id`, `categorys`.`category_name`, `categorys`.`category_image`, `categorys`.`category_description`, `categorys`.`createdAt`, `categorys`.`updatedAt`, `subcategorys`.`id` AS `subcategorys.id`, `subcategorys`.`category_id` AS `subcategorys.category_id`, `subcategorys`.`subcategory_name` AS `subcategorys.subcategory_name`, `subcategorys->items`.`id` AS `subcategorys.items.id`, `subcategorys->items`.`item_name` AS `subcategorys.items.item_name`, `subcategorys->items`.`item_price` AS `subcategorys.items.item_price`, `subcategorys->items`.`item_image` AS `subcategorys.items.item_image`, `subcategorys->items`.`item_rating` AS `subcategorys.items.item_rating`, `subcategorys->items`.`item_description` AS `subcategorys.items.item_description`, `subcategorys->items`.`item_status` AS `subcategorys.items.item_status` FROM `categorys` AS `categorys` LEFT OUTER JOIN `subcategorys` AS `subcategorys` ON `categorys`.`id` = `subcategorys`.`category_id` LEFT OUTER JOIN `items` AS `subcategorys->items` ON `subcategorys`.`id` = `subcategorys->items`.`subcategory_id`;
Executing (default): SELECT `subcategorys`.`id`, `subcategorys`.`subcategory_name`, `subcategorys`.`category_id`, `subcategorys`.`subcategory_status`, `subcategorys`.`createdAt`, `subcategorys`.`updatedAt`, `items`.`id` AS `items.id`, `items`.`item_name` AS `items.item_name`, `items`.`item_price` AS `items.item_price`, `items`.`item_image` AS `items.item_image`, `items`.`item_rating` AS `items.item_rating`, `items`.`item_description` AS `items.item_description`, `items`.`item_status` AS `items.item_status` FROM `subcategorys` AS `subcategorys` LEFT OUTER JOIN `items` AS `items` ON `subcategorys`.`id` = `items`.`subcategory_id` WHERE `subcategorys`.`id` = '1';
Executing (default): INSERT INTO `orders` (`id`,`user_id`,`username`,`mobile`,`order_status`,`order_type`,`payment_status`,`order_items`,`order_total`,`delivery_fee`,`delivery_latitude`,`delivery_longitude`,`createdAt`,`updatedAt`) VALUES (DEFAULT,?,?,?,?,?,?,?,?,?,?,?,?,?);
Executing (default): INSERT INTO `orders` (`id`,`user_id`,`username`,`mobile`,`order_status`,`order_type`,`payment_status`,`order_items`,`order_total`,`delivery_fee`,`delivery_latitude`,`delivery_longitude`,`createdAt`,`updatedAt`) VALUES (DEFAULT,?,?,?,?,?,?,?,?,?,?,?,?,?);
Executing (default): SELECT `categorys`.`id`, `categorys`.`category_name`, `categorys`.`category_image`, `categorys`.`category_description`, `categorys`.`createdAt`, `categorys`.`updatedAt`, `subcategorys`.`id` AS `subcategorys.id`, `subcategorys`.`category_id` AS `subcategorys.category_id`, `subcategorys`.`subcategory_name` AS `subcategorys.subcategory_name`, `subcategorys->items`.`id` AS `subcategorys.items.id`, `subcategorys->items`.`item_name` AS `subcategorys.items.item_name`, `subcategorys->items`.`item_price` AS `subcategorys.items.item_price`, `subcategorys->items`.`item_image` AS `subcategorys.items.item_image`, `subcategorys->items`.`item_rating` AS `subcategorys.items.item_rating`, `subcategorys->items`.`item_description` AS `subcategorys.items.item_description`, `subcategorys->items`.`item_status` AS `subcategorys.items.item_status` FROM `categorys` AS `categorys` LEFT OUTER JOIN `subcategorys` AS `subcategorys` ON `categorys`.`id` = `subcategorys`.`category_id` LEFT OUTER JOIN `items` AS `subcategorys->items` ON `subcategorys`.`id` = `subcategorys->items`.`subcategory_id`;
Executing (default): SELECT `categorys`.`id`, `categorys`.`category_name`, `categorys`.`category_image`, `categorys`.`category_description`, `categorys`.`createdAt`, `categorys`.`updatedAt`, `subcategorys`.`id` AS `subcategorys.id`, `subcategorys`.`category_id` AS `subcategorys.category_id`, `subcategorys`.`subcategory_name` AS `subcategorys.subcategory_name`, `subcategorys->items`.`id` AS `subcategorys.items.id`, `subcategorys->items`.`item_name` AS `subcategorys.items.item_name`, `subcategorys->items`.`item_price` AS `subcategorys.items.item_price`, `subcategorys->items`.`item_image` AS `subcategorys.items.item_image`, `subcategorys->items`.`item_rating` AS `subcategorys.items.item_rating`, `subcategorys->items`.`item_description` AS `subcategorys.items.item_description`, `subcategorys->items`.`item_status` AS `subcategorys.items.item_status` FROM `categorys` AS `categorys` LEFT OUTER JOIN `subcategorys` AS `subcategorys` ON `categorys`.`id` = `subcategorys`.`category_id` LEFT OUTER JOIN `items` AS `subcategorys->items` ON `subcategorys`.`id` = `subcategorys->items`.`subcategory_id`;
Executing (default): SELECT `subcategorys`.`id`, `subcategorys`.`subcategory_name`, `subcategorys`.`category_id`, `subcategorys`.`subcategory_status`, `subcategorys`.`createdAt`, `subcategorys`.`updatedAt`, `items`.`id` AS `items.id`, `items`.`item_name` AS `items.item_name`, `items`.`item_price` AS `items.item_price`, `items`.`item_image` AS `items.item_image`, `items`.`item_rating` AS `items.item_rating`, `items`.`item_description` AS `items.item_description`, `items`.`item_status` AS `items.item_status` FROM `subcategorys` AS `subcategorys` LEFT OUTER JOIN `items` AS `items` ON `subcategorys`.`id` = `items`.`subcategory_id` WHERE `subcategorys`.`id` = '1';
Executing (default): SELECT `categorys`.`id`, `categorys`.`category_name`, `categorys`.`category_image`, `categorys`.`category_description`, `categorys`.`createdAt`, `categorys`.`updatedAt`, `subcategorys`.`id` AS `subcategorys.id`, `subcategorys`.`category_id` AS `subcategorys.category_id`, `subcategorys`.`subcategory_name` AS `subcategorys.subcategory_name`, `subcategorys->items`.`id` AS `subcategorys.items.id`, `subcategorys->items`.`item_name` AS `subcategorys.items.item_name`, `subcategorys->items`.`item_price` AS `subcategorys.items.item_price`, `subcategorys->items`.`item_image` AS `subcategorys.items.item_image`, `subcategorys->items`.`item_rating` AS `subcategorys.items.item_rating`, `subcategorys->items`.`item_description` AS `subcategorys.items.item_description`, `subcategorys->items`.`item_status` AS `subcategorys.items.item_status` FROM `categorys` AS `categorys` LEFT OUTER JOIN `subcategorys` AS `subcategorys` ON `categorys`.`id` = `subcategorys`.`category_id` LEFT OUTER JOIN `items` AS `subcategorys->items` ON `subcategorys`.`id` = `subcategorys->items`.`subcategory_id`;
Executing (default): SELECT `subcategorys`.`id`, `subcategorys`.`subcategory_name`, `subcategorys`.`category_id`, `subcategorys`.`subcategory_status`, `subcategorys`.`createdAt`, `subcategorys`.`updatedAt`, `items`.`id` AS `items.id`, `items`.`item_name` AS `items.item_name`, `items`.`item_price` AS `items.item_price`, `items`.`item_image` AS `items.item_image`, `items`.`item_rating` AS `items.item_rating`, `items`.`item_description` AS `items.item_description`, `items`.`item_status` AS `items.item_status` FROM `subcategorys` AS `subcategorys` LEFT OUTER JOIN `items` AS `items` ON `subcategorys`.`id` = `items`.`subcategory_id` WHERE `subcategorys`.`id` = '1';
Executing (default): INSERT INTO `orders` (`id`,`user_id`,`username`,`mobile`,`order_status`,`order_type`,`payment_mode`,`payment_status`,`order_items`,`order_total`,`delivery_fee`,`delivery_latitude`,`delivery_longitude`,`createdAt`,`updatedAt`) VALUES (DEFAULT,?,?,?,?,?,?,?,?,?,?,?,?,?,?);
Executing (default): SELECT `id`, `user_role`, `username`, `email`, `mobile`, `address`, `profile_image`, `password`, `isVerified`, `createdAt`, `updatedAt` FROM `users` AS `users` WHERE `users`.`email` = 'admin@tendaexpress.com' LIMIT 1;
This is the user users {
  dataValues: {
    id: 2,
    user_role: 1,
    username: 'Admin',
    email: 'admin@tendaexpress.com',
    mobile: '0777129180',
    address: 'Bweya',
    profile_image: null,
    password: '$2a$10$yg1MneTS83FVs97HleBTwOzVo6Qs24kZoUqz6LpnCzjMoO2g3gwEy',
    isVerified: 0,
    createdAt: 2024-07-10T08:09:45.000Z,
    updatedAt: 2024-07-10T08:09:45.000Z
  },
  _previousDataValues: {
    id: 2,
    user_role: 1,
    username: 'Admin',
    email: 'admin@tendaexpress.com',
    mobile: '0777129180',
    address: 'Bweya',
    profile_image: null,
    password: '$2a$10$yg1MneTS83FVs97HleBTwOzVo6Qs24kZoUqz6LpnCzjMoO2g3gwEy',
    isVerified: 0,
    createdAt: 2024-07-10T08:09:45.000Z,
    updatedAt: 2024-07-10T08:09:45.000Z
  },
  uniqno: 1,
  _changed: Set(0) {},
  _options: {
    isNewRecord: false,
    _schema: null,
    _schemaDelimiter: '',
    raw: true,
    attributes: [
      'id',            'user_role',
      'username',      'email',
      'mobile',        'address',
      'profile_image', 'password',
      'isVerified',    'createdAt',
      'updatedAt'
    ]
  },
  isNewRecord: false
}
Executing (default): SELECT `id`, `user_id`, `username`, `mobile`, `order_status`, `order_type`, `payment_mode`, `payment_status`, `order_items`, `order_total`, `delivery_fee`, `delivery_latitude`, `delivery_longitude`, `createdAt`, `updatedAt` FROM `orders` AS `orders`;
Executing (default): SELECT `items`.`id`, `items`.`subcategory_id`, `items`.`item_name`, `items`.`item_price`, `items`.`item_image`, `items`.`item_rating`, `items`.`item_description`, `items`.`item_status`, `items`.`createdAt`, `items`.`updatedAt`, `subcategory`.`id` AS `subcategory.id`, `subcategory`.`subcategory_name` AS `subcategory.subcategory_name` FROM `items` AS `items` LEFT OUTER JOIN `subcategorys` AS `subcategory` ON `items`.`subcategory_id` = `subcategory`.`id`;
Executing (default): INSERT INTO `orders` (`id`,`user_id`,`username`,`mobile`,`order_status`,`order_type`,`payment_mode`,`payment_status`,`order_items`,`order_total`,`delivery_fee`,`delivery_latitude`,`delivery_longitude`,`createdAt`,`updatedAt`) VALUES (DEFAULT,?,?,?,?,?,?,?,?,?,?,?,?,?,?);
Executing (default): SELECT `id`, `user_id`, `username`, `mobile`, `order_status`, `order_type`, `payment_mode`, `payment_status`, `order_items`, `order_total`, `delivery_fee`, `delivery_latitude`, `delivery_longitude`, `createdAt`, `updatedAt` FROM `orders` AS `orders`;
Executing (default): SELECT `categorys`.`id`, `categorys`.`category_name`, `categorys`.`category_image`, `categorys`.`category_description`, `categorys`.`createdAt`, `categorys`.`updatedAt`, `subcategorys`.`id` AS `subcategorys.id`, `subcategorys`.`category_id` AS `subcategorys.category_id`, `subcategorys`.`subcategory_name` AS `subcategorys.subcategory_name`, `subcategorys->items`.`id` AS `subcategorys.items.id`, `subcategorys->items`.`item_name` AS `subcategorys.items.item_name`, `subcategorys->items`.`item_price` AS `subcategorys.items.item_price`, `subcategorys->items`.`item_image` AS `subcategorys.items.item_image`, `subcategorys->items`.`item_rating` AS `subcategorys.items.item_rating`, `subcategorys->items`.`item_description` AS `subcategorys.items.item_description`, `subcategorys->items`.`item_status` AS `subcategorys.items.item_status` FROM `categorys` AS `categorys` LEFT OUTER JOIN `subcategorys` AS `subcategorys` ON `categorys`.`id` = `subcategorys`.`category_id` LEFT OUTER JOIN `items` AS `subcategorys->items` ON `subcategorys`.`id` = `subcategorys->items`.`subcategory_id`;
Executing (default): SELECT `categorys`.`id`, `categorys`.`category_name`, `categorys`.`category_image`, `categorys`.`category_description`, `categorys`.`createdAt`, `categorys`.`updatedAt`, `subcategorys`.`id` AS `subcategorys.id`, `subcategorys`.`category_id` AS `subcategorys.category_id`, `subcategorys`.`subcategory_name` AS `subcategorys.subcategory_name`, `subcategorys->items`.`id` AS `subcategorys.items.id`, `subcategorys->items`.`item_name` AS `subcategorys.items.item_name`, `subcategorys->items`.`item_price` AS `subcategorys.items.item_price`, `subcategorys->items`.`item_image` AS `subcategorys.items.item_image`, `subcategorys->items`.`item_rating` AS `subcategorys.items.item_rating`, `subcategorys->items`.`item_description` AS `subcategorys.items.item_description`, `subcategorys->items`.`item_status` AS `subcategorys.items.item_status` FROM `categorys` AS `categorys` LEFT OUTER JOIN `subcategorys` AS `subcategorys` ON `categorys`.`id` = `subcategorys`.`category_id` LEFT OUTER JOIN `items` AS `subcategorys->items` ON `subcategorys`.`id` = `subcategorys->items`.`subcategory_id`;
Executing (default): SELECT `subcategorys`.`id`, `subcategorys`.`subcategory_name`, `subcategorys`.`category_id`, `subcategorys`.`subcategory_status`, `subcategorys`.`createdAt`, `subcategorys`.`updatedAt`, `items`.`id` AS `items.id`, `items`.`item_name` AS `items.item_name`, `items`.`item_price` AS `items.item_price`, `items`.`item_image` AS `items.item_image`, `items`.`item_rating` AS `items.item_rating`, `items`.`item_description` AS `items.item_description`, `items`.`item_status` AS `items.item_status` FROM `subcategorys` AS `subcategorys` LEFT OUTER JOIN `items` AS `items` ON `subcategorys`.`id` = `items`.`subcategory_id` WHERE `subcategorys`.`id` = '1';
Executing (default): SELECT `categorys`.`id`, `categorys`.`category_name`, `categorys`.`category_image`, `categorys`.`category_description`, `categorys`.`createdAt`, `categorys`.`updatedAt`, `subcategorys`.`id` AS `subcategorys.id`, `subcategorys`.`category_id` AS `subcategorys.category_id`, `subcategorys`.`subcategory_name` AS `subcategorys.subcategory_name`, `subcategorys->items`.`id` AS `subcategorys.items.id`, `subcategorys->items`.`item_name` AS `subcategorys.items.item_name`, `subcategorys->items`.`item_price` AS `subcategorys.items.item_price`, `subcategorys->items`.`item_image` AS `subcategorys.items.item_image`, `subcategorys->items`.`item_rating` AS `subcategorys.items.item_rating`, `subcategorys->items`.`item_description` AS `subcategorys.items.item_description`, `subcategorys->items`.`item_status` AS `subcategorys.items.item_status` FROM `categorys` AS `categorys` LEFT OUTER JOIN `subcategorys` AS `subcategorys` ON `categorys`.`id` = `subcategorys`.`category_id` LEFT OUTER JOIN `items` AS `subcategorys->items` ON `subcategorys`.`id` = `subcategorys->items`.`subcategory_id`;
Executing (default): SELECT `subcategorys`.`id`, `subcategorys`.`subcategory_name`, `subcategorys`.`category_id`, `subcategorys`.`subcategory_status`, `subcategorys`.`createdAt`, `subcategorys`.`updatedAt`, `items`.`id` AS `items.id`, `items`.`item_name` AS `items.item_name`, `items`.`item_price` AS `items.item_price`, `items`.`item_image` AS `items.item_image`, `items`.`item_rating` AS `items.item_rating`, `items`.`item_description` AS `items.item_description`, `items`.`item_status` AS `items.item_status` FROM `subcategorys` AS `subcategorys` LEFT OUTER JOIN `items` AS `items` ON `subcategorys`.`id` = `items`.`subcategory_id` WHERE `subcategorys`.`id` = '1';
Executing (default): SELECT `id`, `user_id`, `username`, `mobile`, `order_status`, `order_type`, `payment_mode`, `payment_status`, `order_items`, `order_total`, `delivery_fee`, `delivery_latitude`, `delivery_longitude`, `createdAt`, `updatedAt` FROM `orders` AS `orders`;
Executing (default): SELECT `categorys`.`id`, `categorys`.`category_name`, `categorys`.`category_image`, `categorys`.`category_description`, `categorys`.`createdAt`, `categorys`.`updatedAt`, `subcategorys`.`id` AS `subcategorys.id`, `subcategorys`.`category_id` AS `subcategorys.category_id`, `subcategorys`.`subcategory_name` AS `subcategorys.subcategory_name`, `subcategorys->items`.`id` AS `subcategorys.items.id`, `subcategorys->items`.`item_name` AS `subcategorys.items.item_name`, `subcategorys->items`.`item_price` AS `subcategorys.items.item_price`, `subcategorys->items`.`item_image` AS `subcategorys.items.item_image`, `subcategorys->items`.`item_rating` AS `subcategorys.items.item_rating`, `subcategorys->items`.`item_description` AS `subcategorys.items.item_description`, `subcategorys->items`.`item_status` AS `subcategorys.items.item_status` FROM `categorys` AS `categorys` LEFT OUTER JOIN `subcategorys` AS `subcategorys` ON `categorys`.`id` = `subcategorys`.`category_id` LEFT OUTER JOIN `items` AS `subcategorys->items` ON `subcategorys`.`id` = `subcategorys->items`.`subcategory_id`;
Executing (default): SELECT `subcategorys`.`id`, `subcategorys`.`subcategory_name`, `subcategorys`.`category_id`, `subcategorys`.`subcategory_status`, `subcategorys`.`createdAt`, `subcategorys`.`updatedAt`, `items`.`id` AS `items.id`, `items`.`item_name` AS `items.item_name`, `items`.`item_price` AS `items.item_price`, `items`.`item_image` AS `items.item_image`, `items`.`item_rating` AS `items.item_rating`, `items`.`item_description` AS `items.item_description`, `items`.`item_status` AS `items.item_status` FROM `subcategorys` AS `subcategorys` LEFT OUTER JOIN `items` AS `items` ON `subcategorys`.`id` = `items`.`subcategory_id` WHERE `subcategorys`.`id` = '1';
Executing (default): SELECT `categorys`.`id`, `categorys`.`category_name`, `categorys`.`category_image`, `categorys`.`category_description`, `categorys`.`createdAt`, `categorys`.`updatedAt`, `subcategorys`.`id` AS `subcategorys.id`, `subcategorys`.`category_id` AS `subcategorys.category_id`, `subcategorys`.`subcategory_name` AS `subcategorys.subcategory_name`, `subcategorys->items`.`id` AS `subcategorys.items.id`, `subcategorys->items`.`item_name` AS `subcategorys.items.item_name`, `subcategorys->items`.`item_price` AS `subcategorys.items.item_price`, `subcategorys->items`.`item_image` AS `subcategorys.items.item_image`, `subcategorys->items`.`item_rating` AS `subcategorys.items.item_rating`, `subcategorys->items`.`item_description` AS `subcategorys.items.item_description`, `subcategorys->items`.`item_status` AS `subcategorys.items.item_status` FROM `categorys` AS `categorys` LEFT OUTER JOIN `subcategorys` AS `subcategorys` ON `categorys`.`id` = `subcategorys`.`category_id` LEFT OUTER JOIN `items` AS `subcategorys->items` ON `subcategorys`.`id` = `subcategorys->items`.`subcategory_id`;
Executing (default): SELECT `subcategorys`.`id`, `subcategorys`.`subcategory_name`, `subcategorys`.`category_id`, `subcategorys`.`subcategory_status`, `subcategorys`.`createdAt`, `subcategorys`.`updatedAt`, `items`.`id` AS `items.id`, `items`.`item_name` AS `items.item_name`, `items`.`item_price` AS `items.item_price`, `items`.`item_image` AS `items.item_image`, `items`.`item_rating` AS `items.item_rating`, `items`.`item_description` AS `items.item_description`, `items`.`item_status` AS `items.item_status` FROM `subcategorys` AS `subcategorys` LEFT OUTER JOIN `items` AS `items` ON `subcategorys`.`id` = `items`.`subcategory_id` WHERE `subcategorys`.`id` = '1';
Executing (default): SELECT `categorys`.`id`, `categorys`.`category_name`, `categorys`.`category_image`, `categorys`.`category_description`, `categorys`.`createdAt`, `categorys`.`updatedAt`, `subcategorys`.`id` AS `subcategorys.id`, `subcategorys`.`category_id` AS `subcategorys.category_id`, `subcategorys`.`subcategory_name` AS `subcategorys.subcategory_name`, `subcategorys->items`.`id` AS `subcategorys.items.id`, `subcategorys->items`.`item_name` AS `subcategorys.items.item_name`, `subcategorys->items`.`item_price` AS `subcategorys.items.item_price`, `subcategorys->items`.`item_image` AS `subcategorys.items.item_image`, `subcategorys->items`.`item_rating` AS `subcategorys.items.item_rating`, `subcategorys->items`.`item_description` AS `subcategorys.items.item_description`, `subcategorys->items`.`item_status` AS `subcategorys.items.item_status` FROM `categorys` AS `categorys` LEFT OUTER JOIN `subcategorys` AS `subcategorys` ON `categorys`.`id` = `subcategorys`.`category_id` LEFT OUTER JOIN `items` AS `subcategorys->items` ON `subcategorys`.`id` = `subcategorys->items`.`subcategory_id`;
Executing (default): SELECT `subcategorys`.`id`, `subcategorys`.`subcategory_name`, `subcategorys`.`category_id`, `subcategorys`.`subcategory_status`, `subcategorys`.`createdAt`, `subcategorys`.`updatedAt`, `items`.`id` AS `items.id`, `items`.`item_name` AS `items.item_name`, `items`.`item_price` AS `items.item_price`, `items`.`item_image` AS `items.item_image`, `items`.`item_rating` AS `items.item_rating`, `items`.`item_description` AS `items.item_description`, `items`.`item_status` AS `items.item_status` FROM `subcategorys` AS `subcategorys` LEFT OUTER JOIN `items` AS `items` ON `subcategorys`.`id` = `items`.`subcategory_id` WHERE `subcategorys`.`id` = '1';
Executing (default): SELECT `categorys`.`id`, `categorys`.`category_name`, `categorys`.`category_image`, `categorys`.`category_description`, `categorys`.`createdAt`, `categorys`.`updatedAt`, `subcategorys`.`id` AS `subcategorys.id`, `subcategorys`.`category_id` AS `subcategorys.category_id`, `subcategorys`.`subcategory_name` AS `subcategorys.subcategory_name`, `subcategorys->items`.`id` AS `subcategorys.items.id`, `subcategorys->items`.`item_name` AS `subcategorys.items.item_name`, `subcategorys->items`.`item_price` AS `subcategorys.items.item_price`, `subcategorys->items`.`item_image` AS `subcategorys.items.item_image`, `subcategorys->items`.`item_rating` AS `subcategorys.items.item_rating`, `subcategorys->items`.`item_description` AS `subcategorys.items.item_description`, `subcategorys->items`.`item_status` AS `subcategorys.items.item_status` FROM `categorys` AS `categorys` LEFT OUTER JOIN `subcategorys` AS `subcategorys` ON `categorys`.`id` = `subcategorys`.`category_id` LEFT OUTER JOIN `items` AS `subcategorys->items` ON `subcategorys`.`id` = `subcategorys->items`.`subcategory_id`;
Executing (default): SELECT `subcategorys`.`id`, `subcategorys`.`subcategory_name`, `subcategorys`.`category_id`, `subcategorys`.`subcategory_status`, `subcategorys`.`createdAt`, `subcategorys`.`updatedAt`, `items`.`id` AS `items.id`, `items`.`item_name` AS `items.item_name`, `items`.`item_price` AS `items.item_price`, `items`.`item_image` AS `items.item_image`, `items`.`item_rating` AS `items.item_rating`, `items`.`item_description` AS `items.item_description`, `items`.`item_status` AS `items.item_status` FROM `subcategorys` AS `subcategorys` LEFT OUTER JOIN `items` AS `items` ON `subcategorys`.`id` = `items`.`subcategory_id` WHERE `subcategorys`.`id` = '1';
Executing (default): INSERT INTO `orders` (`id`,`user_id`,`username`,`mobile`,`order_status`,`order_type`,`payment_mode`,`payment_status`,`order_items`,`order_total`,`delivery_fee`,`delivery_latitude`,`delivery_longitude`,`createdAt`,`updatedAt`) VALUES (DEFAULT,?,?,?,?,?,?,?,?,?,?,?,?,?,?);
Executing (default): SELECT `id`, `user_id`, `username`, `mobile`, `order_status`, `order_type`, `payment_mode`, `payment_status`, `order_items`, `order_total`, `delivery_fee`, `delivery_latitude`, `delivery_longitude`, `createdAt`, `updatedAt` FROM `orders` AS `orders`;
Executing (default): SELECT `id`, `user_id`, `username`, `mobile`, `order_status`, `order_type`, `payment_mode`, `payment_status`, `order_items`, `order_total`, `delivery_fee`, `delivery_latitude`, `delivery_longitude`, `createdAt`, `updatedAt` FROM `orders` AS `orders`;
Executing (default): INSERT INTO `orders` (`id`,`user_id`,`username`,`mobile`,`order_status`,`order_type`,`payment_mode`,`payment_status`,`order_items`,`order_total`,`delivery_fee`,`delivery_latitude`,`delivery_longitude`,`createdAt`,`updatedAt`) VALUES (DEFAULT,?,?,?,?,?,?,?,?,?,?,?,?,?,?);
Executing (default): SELECT `id`, `user_id`, `username`, `mobile`, `order_status`, `order_type`, `payment_mode`, `payment_status`, `order_items`, `order_total`, `delivery_fee`, `delivery_latitude`, `delivery_longitude`, `createdAt`, `updatedAt` FROM `orders` AS `orders`;
Executing (default): SELECT `id`, `user_id`, `username`, `mobile`, `order_status`, `order_type`, `payment_mode`, `payment_status`, `order_items`, `order_total`, `delivery_fee`, `delivery_latitude`, `delivery_longitude`, `createdAt`, `updatedAt` FROM `orders` AS `orders`;
Executing (default): SELECT `items`.`id`, `items`.`subcategory_id`, `items`.`item_name`, `items`.`item_price`, `items`.`item_image`, `items`.`item_rating`, `items`.`item_description`, `items`.`item_status`, `items`.`createdAt`, `items`.`updatedAt`, `subcategory`.`id` AS `subcategory.id`, `subcategory`.`subcategory_name` AS `subcategory.subcategory_name` FROM `items` AS `items` LEFT OUTER JOIN `subcategorys` AS `subcategory` ON `items`.`subcategory_id` = `subcategory`.`id`;
Executing (default): SELECT `id`, `user_id`, `username`, `mobile`, `order_status`, `order_type`, `payment_mode`, `payment_status`, `order_items`, `order_total`, `delivery_fee`, `delivery_latitude`, `delivery_longitude`, `createdAt`, `updatedAt` FROM `orders` AS `orders`;
Executing (default): SELECT `id`, `user_id`, `username`, `mobile`, `order_status`, `order_type`, `payment_mode`, `payment_status`, `order_items`, `order_total`, `delivery_fee`, `delivery_latitude`, `delivery_longitude`, `createdAt`, `updatedAt` FROM `orders` AS `orders`;
Executing (default): SELECT `id`, `user_id`, `username`, `mobile`, `order_status`, `order_type`, `payment_mode`, `payment_status`, `order_items`, `order_total`, `delivery_fee`, `delivery_latitude`, `delivery_longitude`, `createdAt`, `updatedAt` FROM `orders` AS `orders`;
Executing (default): SELECT `id`, `user_id`, `username`, `mobile`, `order_status`, `order_type`, `payment_mode`, `payment_status`, `order_items`, `order_total`, `delivery_fee`, `delivery_latitude`, `delivery_longitude`, `createdAt`, `updatedAt` FROM `orders` AS `orders`;
Executing (default): SELECT `id`, `user_id`, `username`, `mobile`, `order_status`, `order_type`, `payment_mode`, `payment_status`, `order_items`, `order_total`, `delivery_fee`, `delivery_latitude`, `delivery_longitude`, `createdAt`, `updatedAt` FROM `orders` AS `orders`;
Executing (default): SELECT `id`, `user_id`, `username`, `mobile`, `order_status`, `order_type`, `payment_mode`, `payment_status`, `order_items`, `order_total`, `delivery_fee`, `delivery_latitude`, `delivery_longitude`, `createdAt`, `updatedAt` FROM `orders` AS `orders`;
Executing (default): SELECT `id`, `user_id`, `username`, `mobile`, `order_status`, `order_type`, `payment_mode`, `payment_status`, `order_items`, `order_total`, `delivery_fee`, `delivery_latitude`, `delivery_longitude`, `createdAt`, `updatedAt` FROM `orders` AS `orders`;
Executing (default): SELECT `id`, `user_id`, `username`, `mobile`, `order_status`, `order_type`, `payment_mode`, `payment_status`, `order_items`, `order_total`, `delivery_fee`, `delivery_latitude`, `delivery_longitude`, `createdAt`, `updatedAt` FROM `orders` AS `orders`;
Executing (default): SELECT `id`, `user_id`, `username`, `mobile`, `order_status`, `order_type`, `payment_mode`, `payment_status`, `order_items`, `order_total`, `delivery_fee`, `delivery_latitude`, `delivery_longitude`, `createdAt`, `updatedAt` FROM `orders` AS `orders`;
Executing (default): SELECT `id`, `user_id`, `username`, `mobile`, `order_status`, `order_type`, `payment_mode`, `payment_status`, `order_items`, `order_total`, `delivery_fee`, `delivery_latitude`, `delivery_longitude`, `createdAt`, `updatedAt` FROM `orders` AS `orders`;
Executing (default): SELECT `id`, `user_id`, `username`, `mobile`, `order_status`, `order_type`, `payment_mode`, `payment_status`, `order_items`, `order_total`, `delivery_fee`, `delivery_latitude`, `delivery_longitude`, `createdAt`, `updatedAt` FROM `orders` AS `orders`;
Executing (default): SELECT `id`, `user_id`, `username`, `mobile`, `order_status`, `order_type`, `payment_mode`, `payment_status`, `order_items`, `order_total`, `delivery_fee`, `delivery_latitude`, `delivery_longitude`, `createdAt`, `updatedAt` FROM `orders` AS `orders`;
